<?xml version="1.0" encoding="UTF-8"?>
<testsuite xmlns:xsi="http://www.w3.org/2001/XMLSchema-instance" xsi:noNamespaceSchemaLocation="https://maven.apache.org/surefire/maven-surefire-plugin/xsd/surefire-test-report.xsd" version="3.0.2" name="com.example.InternShip.InternShipApplicationTests" time="10.482" tests="1" errors="0" skipped="0" failures="0">
  <properties>
[...]
</properties>
  <testcase name="contextLoads" classname="com.example.InternShip.InternShipApplicationTests" time="0.386">
    <system-out><![CDATA[23:48:49.882 [main] INFO org.springframework.test.context.support.AnnotationConfigContextLoaderUtils -- Could not detect default configuration classes for test class [com.example.InternShip.InternShipApplicationTests]: InternShipApplicationTests does not declare any static, non-private, non-final, nested classes annotated with @Configuration.
23:48:50.003 [main] INFO org.springframework.boot.test.context.SpringBootTestContextBootstrapper -- Found @SpringBootConfiguration com.example.InternShip.Main for test class com.example.InternShip.InternShipApplicationTests

  .   ____          _            __ _ _
 /\\ / ___'_ __ _ _(_)_ __  __ _ \ \ \ \
( ( )\___ | '_ | '_| | '_ \/ _` | \ \ \ \
 \\/  ___)| |_)| | | | | || (_| |  ) ) ) )
  '  |____| .__|_| |_|_| |_\__, | / / / /
 =========|_|==============|___/=/_/_/_/

 :: Spring Boot ::                (v3.5.6)

2025-11-27T23:48:50.453+07:00  INFO 58630 --- [InternShip] [           main] c.e.I.InternShipApplicationTests         : Starting InternShipApplicationTests using Java 21.0.9 with PID 58630 (started by namvu in /home/namvu/Desktop/code_moi_nhat/be)
2025-11-27T23:48:50.455+07:00  INFO 58630 --- [InternShip] [           main] c.e.I.InternShipApplicationTests         : No active profile set, falling back to 1 default profile: "default"
2025-11-27T23:48:51.654+07:00  INFO 58630 --- [InternShip] [           main] .s.d.r.c.RepositoryConfigurationDelegate : Bootstrapping Spring Data JPA repositories in DEFAULT mode.
2025-11-27T23:48:51.866+07:00  INFO 58630 --- [InternShip] [           main] .s.d.r.c.RepositoryConfigurationDelegate : Finished Spring Data repository scanning in 203 ms. Found 21 JPA repository interfaces.
2025-11-27T23:48:52.412+07:00  INFO 58630 --- [InternShip] [           main] com.zaxxer.hikari.HikariDataSource       : HikariPool-1 - Starting...
2025-11-27T23:48:52.594+07:00  INFO 58630 --- [InternShip] [           main] com.zaxxer.hikari.pool.HikariPool        : HikariPool-1 - Added connection conn0: url=jdbc:h2:mem:testdb user=SA
2025-11-27T23:48:52.595+07:00  INFO 58630 --- [InternShip] [           main] com.zaxxer.hikari.HikariDataSource       : HikariPool-1 - Start completed.
2025-11-27T23:48:52.726+07:00  INFO 58630 --- [InternShip] [           main] o.hibernate.jpa.internal.util.LogHelper  : HHH000204: Processing PersistenceUnitInfo [name: default]
2025-11-27T23:48:52.785+07:00  INFO 58630 --- [InternShip] [           main] org.hibernate.Version                    : HHH000412: Hibernate ORM core version 6.6.29.Final
2025-11-27T23:48:52.817+07:00  INFO 58630 --- [InternShip] [           main] o.h.c.internal.RegionFactoryInitiator    : HHH000026: Second-level cache disabled
2025-11-27T23:48:53.068+07:00  INFO 58630 --- [InternShip] [           main] o.s.o.j.p.SpringPersistenceUnitInfo      : No LoadTimeWeaver setup: ignoring JPA class transformer
2025-11-27T23:48:53.118+07:00  WARN 58630 --- [InternShip] [           main] org.hibernate.orm.deprecation            : HHH90000025: H2Dialect does not need to be specified explicitly using 'hibernate.dialect' (remove the property setting and it will be selected by default)
2025-11-27T23:48:53.133+07:00  INFO 58630 --- [InternShip] [           main] org.hibernate.orm.connections.pooling    : HHH10001005: Database info:
	Database JDBC URL [Connecting through datasource 'HikariDataSource (HikariPool-1)']
	Database driver: undefined/unknown
	Database version: 2.3.232
	Autocommit mode: undefined/unknown
	Isolation level: undefined/unknown
	Minimum pool size: undefined/unknown
	Maximum pool size: undefined/unknown
2025-11-27T23:48:54.547+07:00  INFO 58630 --- [InternShip] [           main] o.h.e.t.j.p.i.JtaPlatformInitiator       : HHH000489: No JTA platform available (set 'hibernate.transaction.jta.platform' to enable JTA platform integration)
2025-11-27T23:48:54.643+07:00  INFO 58630 --- [InternShip] [           main] j.LocalContainerEntityManagerFactoryBean : Initialized JPA EntityManagerFactory for persistence unit 'default'
2025-11-27T23:48:55.150+07:00  INFO 58630 --- [InternShip] [           main] o.s.d.j.r.query.QueryEnhancerFactory     : Hibernate is in classpath; If applicable, HQL parser will be used.
2025-11-27T23:48:58.553+07:00  INFO 58630 --- [InternShip] [           main] org.quartz.impl.StdSchedulerFactory      : Using default implementation for ThreadExecutor
2025-11-27T23:48:58.564+07:00  INFO 58630 --- [InternShip] [           main] org.quartz.core.SchedulerSignalerImpl    : Initialized Scheduler Signaller of type: class org.quartz.core.SchedulerSignalerImpl
2025-11-27T23:48:58.565+07:00  INFO 58630 --- [InternShip] [           main] org.quartz.core.QuartzScheduler          : Quartz Scheduler v2.5.0 created.
2025-11-27T23:48:58.568+07:00  INFO 58630 --- [InternShip] [           main] o.s.s.quartz.LocalDataSourceJobStore     : Using db table-based data access locking (synchronization).
2025-11-27T23:48:58.570+07:00  INFO 58630 --- [InternShip] [           main] o.s.s.quartz.LocalDataSourceJobStore     : JobStoreCMT initialized.
2025-11-27T23:48:58.571+07:00  INFO 58630 --- [InternShip] [           main] org.quartz.core.QuartzScheduler          : Scheduler meta-data: Quartz Scheduler (v2.5.0) 'schedulerFactoryBean' with instanceId 'NON_CLUSTERED'
  Scheduler class: 'org.quartz.core.QuartzScheduler' - running locally.
  NOT STARTED.
  Currently in standby mode.
  Number of jobs executed: 0
  Using thread pool 'org.quartz.simpl.SimpleThreadPool' - with 10 threads.
  Using job-store 'org.springframework.scheduling.quartz.LocalDataSourceJobStore' - which supports persistence. and is not clustered.

2025-11-27T23:48:58.571+07:00  INFO 58630 --- [InternShip] [           main] org.quartz.impl.StdSchedulerFactory      : Quartz scheduler 'schedulerFactoryBean' initialized from an externally provided properties instance.
2025-11-27T23:48:58.572+07:00  INFO 58630 --- [InternShip] [           main] org.quartz.impl.StdSchedulerFactory      : Quartz scheduler version: 2.5.0
2025-11-27T23:48:58.572+07:00  INFO 58630 --- [InternShip] [           main] org.quartz.core.QuartzScheduler          : JobFactory set to: com.example.InternShip.config.AutoWiringSpringBeanJobFactory@6546f3f0
2025-11-27T23:48:58.596+07:00  INFO 58630 --- [InternShip] [           main] o.s.s.quartz.LocalDataSourceJobStore     : Freed 0 triggers from 'acquired' / 'blocked' state.
2025-11-27T23:48:58.598+07:00  INFO 58630 --- [InternShip] [           main] o.s.s.quartz.LocalDataSourceJobStore     : Recovering 0 jobs that were in-progress at the time of the last shut-down.
2025-11-27T23:48:58.599+07:00  INFO 58630 --- [InternShip] [           main] o.s.s.quartz.LocalDataSourceJobStore     : Recovery complete.
2025-11-27T23:48:58.599+07:00  INFO 58630 --- [InternShip] [           main] o.s.s.quartz.LocalDataSourceJobStore     : Removed 0 'complete' triggers.
2025-11-27T23:48:58.599+07:00  INFO 58630 --- [InternShip] [           main] o.s.s.quartz.LocalDataSourceJobStore     : Removed 0 stale fired job entries.
2025-11-27T23:48:58.601+07:00  INFO 58630 --- [InternShip] [           main] org.quartz.core.QuartzScheduler          : Scheduler schedulerFactoryBean_$_NON_CLUSTERED started.
2025-11-27T23:48:58.927+07:00  WARN 58630 --- [InternShip] [           main] JpaBaseConfiguration$JpaWebConfiguration : spring.jpa.open-in-view is enabled by default. Therefore, database queries may be performed during view rendering. Explicitly configure spring.jpa.open-in-view to disable this warning
2025-11-27T23:48:59.766+07:00  INFO 58630 --- [InternShip] [           main] o.s.m.s.b.SimpleBrokerMessageHandler     : Starting...
2025-11-27T23:48:59.767+07:00  INFO 58630 --- [InternShip] [           main] o.s.m.s.b.SimpleBrokerMessageHandler     : BrokerAvailabilityEvent[available=true, SimpleBrokerMessageHandler [org.springframework.messaging.simp.broker.DefaultSubscriptionRegistry@2700b7bf]]
2025-11-27T23:48:59.768+07:00  INFO 58630 --- [InternShip] [           main] o.s.m.s.b.SimpleBrokerMessageHandler     : Started.
2025-11-27T23:48:59.781+07:00  INFO 58630 --- [InternShip] [           main] c.e.I.InternShipApplicationTests         : Started InternShipApplicationTests in 9.628 seconds (process running for 10.882)
]]></system-out>
    <system-err><![CDATA[Mockito is currently self-attaching to enable the inline-mock-maker. This will no longer work in future releases of the JDK. Please add Mockito as an agent to your build as described in Mockito's documentation: https://javadoc.io/doc/org.mockito/mockito-core/latest/org.mockito/org/mockito/Mockito.html#0.3
WARNING: A Java agent has been loaded dynamically (/home/namvu/.m2/repository/net/bytebuddy/byte-buddy-agent/1.17.7/byte-buddy-agent-1.17.7.jar)
WARNING: If a serviceability tool is in use, please run with -XX:+EnableDynamicAgentLoading to hide this warning
WARNING: If a serviceability tool is not in use, please run with -Djdk.instrument.traceUsage for more information
WARNING: Dynamic loading of agents will be disallowed by default in a future release
]]></system-err>
  </testcase>
</testsuite>