<?xml version="1.0" encoding="UTF-8"?>
<testsuite xmlns:xsi="http://www.w3.org/2001/XMLSchema-instance" xsi:noNamespaceSchemaLocation="https://maven.apache.org/surefire/maven-surefire-plugin/xsd/surefire-test-report.xsd" version="3.0.2" name="com.example.InternShip.service.impl.SprintServiceImplTest" time="0.032" tests="8" errors="0" skipped="0" failures="0">
  <properties>
[...]
</properties>
  <testcase name="testGetSprintById_Success" classname="com.example.InternShip.service.impl.SprintServiceImplTest" time="0.003"/>
  <testcase name="testGetSprintsByTeam_Success" classname="com.example.InternShip.service.impl.SprintServiceImplTest" time="0.004"/>
  <testcase name="testEvaluateSprint_Success" classname="com.example.InternShip.service.impl.SprintServiceImplTest" time="0.004"/>
  <testcase name="testUpdateSprint_Success_BeforeItStarts" classname="com.example.InternShip.service.impl.SprintServiceImplTest" time="0.005"/>
  <testcase name="testCreateSprint_Success" classname="com.example.InternShip.service.impl.SprintServiceImplTest" time="0.004"/>
  <testcase name="testSubmitReport_Success" classname="com.example.InternShip.service.impl.SprintServiceImplTest" time="0.005"/>
  <testcase name="testGetEvaluateSprint_Success" classname="com.example.InternShip.service.impl.SprintServiceImplTest" time="0.002"/>
  <testcase name="testDeleteSprint_Success" classname="com.example.InternShip.service.impl.SprintServiceImplTest" time="0.002"/>
</testsuite>